[1719368927.601][INFO]: Starting ChromeDriver 126.0.6478.126 (d36ace6122e0a59570e258d82441395206d60e1c-refs/branch-heads/6478@{#1591}) on port 48281
[1719368927.601][INFO]: Please see https://chromedriver.chromium.org/security-considerations for suggestions on keeping ChromeDriver safe.
[1719368928.298][INFO]: [017ee20abe61bc3fa41d58dd2b1aeb06] COMMAND InitSession {
   "capabilities": {
      "firstMatch": [ {
         "browserName": "chrome",
         "goog:chromeOptions": {
            "args": [ "--remote-allow-origins=*" ],
            "binary": "C:\\Program Files\\Google\\Chrome\\Application\\chrome.exe",
            "extensions": [  ]
         },
         "goog:loggingPrefs": {
            "browser": "ALL",
            "driver": "ALL"
         }
      } ]
   }
}
[1719368928.300][INFO]: Populating Preferences file: {
   "alternate_error_pages": {
      "enabled": false
   },
   "autofill": {
      "enabled": false
   },
   "browser": {
      "check_default_browser": false
   },
   "distribution": {
      "import_bookmarks": false,
      "import_history": false,
      "import_search_engine": false,
      "make_chrome_default_for_user": false,
      "skip_first_run_ui": true
   },
   "dns_prefetching": {
      "enabled": false
   },
   "profile": {
      "content_settings": {
         "pattern_pairs": {
            "https://*,*": {
               "media-stream": {
                  "audio": "Default",
                  "video": "Default"
               }
            }
         }
      },
      "default_content_setting_values": {
         "geolocation": 1
      },
      "default_content_settings": {
         "geolocation": 1,
         "mouselock": 1,
         "notifications": 1,
         "popups": 1,
         "ppapi-broker": 1
      },
      "password_manager_enabled": false
   },
   "safebrowsing": {
      "enabled": false
   },
   "search": {
      "suggest_enabled": false
   },
   "translate": {
      "enabled": false
   }
}
[1719368928.300][INFO]: Populating Local State file: {
   "background_mode": {
      "enabled": false
   },
   "ssl": {
      "rev_checking": {
         "enabled": false
      }
   }
}
[1719368928.302][INFO]: ChromeDriver supports communication with Chrome via pipes. This is more reliable and more secure.
[1719368928.302][INFO]: Use the --remote-debugging-pipe Chrome switch instead of the default --remote-debugging-port to enable this communication mode.
[1719368928.303][INFO]: Launching chrome: "C:\Program Files\Google\Chrome\Application\chrome.exe" --allow-pre-commit-input --disable-background-networking --disable-backgrounding-occluded-windows --disable-client-side-phishing-detection --disable-default-apps --disable-hang-monitor --disable-popup-blocking --disable-prompt-on-repost --disable-sync --enable-automation --enable-logging --log-level=0 --no-first-run --no-service-autorun --password-store=basic --remote-allow-origins=* --remote-debugging-port=0 --test-type=webdriver --use-mock-keychain --user-data-dir="C:\Users\NAVEEN~1\AppData\Local\Temp\scoped_dir11648_455428492" data:,
[1719368929.148][INFO]: resolved localhost to ["::1","127.0.0.1"]
[1719368929.157][INFO]: [017ee20abe61bc3fa41d58dd2b1aeb06] RESPONSE InitSession {
   "capabilities": {
      "acceptInsecureCerts": false,
      "browserName": "chrome",
      "browserVersion": "126.0.6478.114",
      "chrome": {
         "chromedriverVersion": "126.0.6478.126 (d36ace6122e0a59570e258d82441395206d60e1c-refs/branch-heads/6478@{#1591})",
         "userDataDir": "C:\\Users\\NAVEEN~1\\AppData\\Local\\Temp\\scoped_dir11648_455428492"
      },
      "fedcm:accounts": true,
      "goog:chromeOptions": {
         "debuggerAddress": "localhost:62346"
      },
      "networkConnectionEnabled": false,
      "pageLoadStrategy": "normal",
      "platformName": "windows",
      "proxy": {
      },
      "setWindowRect": true,
      "strictFileInteractability": false,
      "timeouts": {
         "implicit": 0,
         "pageLoad": 300000,
         "script": 30000
      },
      "unhandledPromptBehavior": "dismiss and notify",
      "webauthn:extension:credBlob": true,
      "webauthn:extension:largeBlob": true,
      "webauthn:extension:minPinLength": true,
      "webauthn:extension:prf": true,
      "webauthn:virtualAuthenticators": true
   },
   "sessionId": "017ee20abe61bc3fa41d58dd2b1aeb06"
}
[1719368929.622][INFO]: [017ee20abe61bc3fa41d58dd2b1aeb06] COMMAND MaximizeWindow {
}
[1719368929.622][INFO]: Waiting for pending navigations...
[1719368929.625][INFO]: Done waiting for pending navigations. Status: ok
[1719368929.664][INFO]: Waiting for pending navigations...
[1719368929.665][INFO]: Done waiting for pending navigations. Status: ok
[1719368929.665][INFO]: [017ee20abe61bc3fa41d58dd2b1aeb06] RESPONSE MaximizeWindow {
   "height": 736,
   "width": 1296,
   "x": -8,
   "y": -8
}
[1719368929.687][INFO]: [017ee20abe61bc3fa41d58dd2b1aeb06] COMMAND CloseWindow {
}
[1719368929.854][INFO]: [017ee20abe61bc3fa41d58dd2b1aeb06] RESPONSE CloseWindow [  ]
